<?xml version="1.0" encoding="UTF-8"?>
<testsuite name="com.food.ordering.system.order.service.domain.OrderApplicationServiceTest" tests="4" skipped="0" failures="0" errors="0" timestamp="2024-03-03T11:30:11" hostname="amit-pc" time="0.073">
  <properties/>
  <testcase name="testCreateOrderWithWrongTotalPrice()" classname="com.food.ordering.system.order.service.domain.OrderApplicationServiceTest" time="0.058"/>
  <testcase name="testCreateOrder()" classname="com.food.ordering.system.order.service.domain.OrderApplicationServiceTest" time="0.008"/>
  <testcase name="testCreateOrderWithWrongProductPrice()" classname="com.food.ordering.system.order.service.domain.OrderApplicationServiceTest" time="0.004"/>
  <testcase name="testCreateOrderWithPassiveRestaurant()" classname="com.food.ordering.system.order.service.domain.OrderApplicationServiceTest" time="0.003"/>
  <system-out><![CDATA[
  .   ____          _            __ _ _
 /\\ / ___'_ __ _ _(_)_ __  __ _ \ \ \ \
( ( )\___ | '_ | '_| | '_ \/ _` | \ \ \ \
 \\/  ___)| |_)| | | | | || (_| |  ) ) ) )
  '  |____| .__|_| |_|_| |_\__, | / / / /
 =========|_|==============|___/=/_/_/_/
 :: Spring Boot ::                (v3.2.0)

2024-03-03T17:00:10.438+05:30  INFO 50022 --- [    Test worker] .f.o.s.o.s.d.OrderApplicationServiceTest : Starting OrderApplicationServiceTest using Java 17.0.9 with PID 50022 (started by amit in /home/amit/SpringProject/food-ordering-system/order-service/order-domain/order-application-service)
2024-03-03T17:00:10.440+05:30  INFO 50022 --- [    Test worker] .f.o.s.o.s.d.OrderApplicationServiceTest : No active profile set, falling back to 1 default profile: "default"
2024-03-03T17:00:11.535+05:30  INFO 50022 --- [    Test worker] .f.o.s.o.s.d.OrderApplicationServiceTest : Started OrderApplicationServiceTest in 1.236 seconds (process running for 1.814)
2024-03-03T17:00:11.627+05:30  INFO 50022 --- [    Test worker] c.f.o.s.o.s.d.OrderDomainServiceImpl     : Order with id: 9aa0f5ee-73f1-4aa3-a86d-bee1d878dd92 is initiated
2024-03-03T17:00:11.628+05:30  INFO 50022 --- [    Test worker] c.f.o.s.o.s.domain.OrderCreateHelper     : Order is saved with id: 15a497c1-0f4b-4eff-b9f4-c402c8c07afb
2024-03-03T17:00:11.628+05:30  INFO 50022 --- [    Test worker] c.f.o.s.o.s.domain.OrderCreateHelper     : Order is created with id: 9aa0f5ee-73f1-4aa3-a86d-bee1d878dd92
2024-03-03T17:00:11.629+05:30  INFO 50022 --- [    Test worker] c.f.o.s.o.s.d.OrderCreateCommandHandler  : Order is created with id: 9aa0f5ee-73f1-4aa3-a86d-bee1d878dd92
]]></system-out>
  <system-err><![CDATA[]]></system-err>
</testsuite>
